2024-05-08 18:38:06,956 INFO  [main] com.tpe.SpringbootintroApplication:Starting SpringbootintroApplication using Java 17.0.11 on Emre-MacBook-Pro.local with PID 29963 (/Users/emresani/IdeaProjects/springbootintro/target/classes started by emresani in /Users/emresani/IdeaProjects/springbootintro)
2024-05-08 18:38:06,957 INFO  [main] com.tpe.SpringbootintroApplication:No active profile set, falling back to default profiles: default
2024-05-08 18:38:08,133 INFO  [main] org.springframework.data.repository.config.RepositoryConfigurationDelegate:Bootstrapping Spring Data JPA repositories in DEFAULT mode.
2024-05-08 18:38:08,200 INFO  [main] org.springframework.data.repository.config.RepositoryConfigurationDelegate:Finished Spring Data repository scanning in 58 ms. Found 1 JPA repository interfaces.
2024-05-08 18:38:08,975 INFO  [main] org.springframework.boot.web.embedded.tomcat.TomcatWebServer:Tomcat initialized with port(s): 8081 (http)
2024-05-08 18:38:08,984 INFO  [main] org.apache.catalina.core.StandardService:Starting service [Tomcat]
2024-05-08 18:38:08,984 INFO  [main] org.apache.catalina.core.StandardEngine:Starting Servlet engine: [Apache Tomcat/9.0.56]
2024-05-08 18:38:09,108 INFO  [main] org.apache.catalina.core.ContainerBase.[Tomcat].[localhost].[/]:Initializing Spring embedded WebApplicationContext
2024-05-08 18:38:09,108 INFO  [main] org.springframework.boot.web.servlet.context.ServletWebServerApplicationContext:Root WebApplicationContext: initialization completed in 2078 ms
2024-05-08 18:38:09,415 INFO  [main] org.hibernate.jpa.internal.util.LogHelper:HHH000204: Processing PersistenceUnitInfo [name: default]
2024-05-08 18:38:09,445 INFO  [main] org.hibernate.Version:HHH000412: Hibernate ORM core version 5.6.4.Final
2024-05-08 18:38:09,586 INFO  [main] org.hibernate.annotations.common.Version:HCANN000001: Hibernate Commons Annotations {5.1.2.Final}
2024-05-08 18:38:09,666 INFO  [main] com.zaxxer.hikari.HikariDataSource:HikariPool-1 - Starting...
2024-05-08 18:38:09,821 INFO  [main] com.zaxxer.hikari.HikariDataSource:HikariPool-1 - Start completed.
2024-05-08 18:38:09,831 INFO  [main] org.hibernate.dialect.Dialect:HHH000400: Using dialect: org.hibernate.dialect.PostgreSQLDialect
2024-05-08 18:38:10,316 INFO  [main] org.hibernate.engine.transaction.jta.platform.internal.JtaPlatformInitiator:HHH000490: Using JtaPlatform implementation: [org.hibernate.engine.transaction.jta.platform.internal.NoJtaPlatform]
2024-05-08 18:38:10,321 INFO  [main] org.springframework.orm.jpa.LocalContainerEntityManagerFactoryBean:Initialized JPA EntityManagerFactory for persistence unit 'default'
2024-05-08 18:38:10,963 WARN  [main] org.springframework.boot.autoconfigure.orm.jpa.JpaBaseConfiguration$JpaWebConfiguration:spring.jpa.open-in-view is enabled by default. Therefore, database queries may be performed during view rendering. Explicitly configure spring.jpa.open-in-view to disable this warning
2024-05-08 18:38:11,352 INFO  [main] org.springframework.boot.actuate.endpoint.web.EndpointLinksResolver:Exposing 4 endpoint(s) beneath base path '/actuator'
2024-05-08 18:38:11,387 WARN  [main] org.springframework.boot.web.servlet.context.AnnotationConfigServletWebServerApplicationContext:Exception encountered during context initialization - cancelling refresh attempt: org.springframework.context.ApplicationContextException: Failed to start bean 'webServerStartStop'; nested exception is org.springframework.boot.web.server.PortInUseException: Port 8081 is already in use
2024-05-08 18:38:11,390 INFO  [main] org.springframework.orm.jpa.LocalContainerEntityManagerFactoryBean:Closing JPA EntityManagerFactory for persistence unit 'default'
2024-05-08 18:38:11,391 INFO  [main] com.zaxxer.hikari.HikariDataSource:HikariPool-1 - Shutdown initiated...
2024-05-08 18:38:11,395 INFO  [main] com.zaxxer.hikari.HikariDataSource:HikariPool-1 - Shutdown completed.
2024-05-08 18:38:11,397 INFO  [main] org.apache.catalina.core.StandardService:Stopping service [Tomcat]
2024-05-08 18:38:11,413 INFO  [main] org.springframework.boot.autoconfigure.logging.ConditionEvaluationReportLoggingListener:

Error starting ApplicationContext. To display the conditions report re-run your application with 'debug' enabled.
2024-05-08 18:38:11,422 ERROR [main] org.springframework.boot.diagnostics.LoggingFailureAnalysisReporter:

***************************
APPLICATION FAILED TO START
***************************

Description:

Web server failed to start. Port 8081 was already in use.

Action:

Identify and stop the process that's listening on port 8081 or configure this application to listen on another port.

